-------------------------------------------------------------------------------
Test set: com.sudhir.app.SpringBootApp1ApplicationTests
-------------------------------------------------------------------------------
Tests run: 1, Failures: 0, Errors: 1, Skipped: 0, Time elapsed: 0.45 s <<< FAILURE! - in com.sudhir.app.SpringBootApp1ApplicationTests
initializationError(com.sudhir.app.SpringBootApp1ApplicationTests)  Time elapsed: 0.006 s  <<< ERROR!
java.lang.IllegalStateException: Unable to find a @SpringBootConfiguration, you need to use @ContextConfiguration or @SpringBootTest(classes=...) with your test

